
/home/runner/work/exp-venturi-meter-iiith/exp-venturi-meter-iiith/experiment/simulation/js/main.js
   5:1   warning  'ids' is not defined                                 no-undef
   6:1   warning  'tube_ids' is not defined                            no-undef
  10:10  warning  Unexpected constant condition                        no-constant-condition
  11:5   warning  'animation_speed' is not defined                     no-undef
  12:5   warning  'animation_speed' is not defined                     no-undef
  12:23  warning  'animation_speed' is not defined                     no-undef
  13:5   warning  'animation_speed' is not defined                     no-undef
  13:23  warning  'animation_speed' is not defined                     no-undef
  13:55  warning  'animation_speed' is not defined                     no-undef
  15:20  warning  'animation_speed' is not defined                     no-undef
  22:23  warning  'ids' is not defined                                 no-undef
  23:5   warning  'id' is not defined                                  no-undef
  23:10  warning  'ids' is not defined                                 no-undef
  24:40  warning  'id' is not defined                                  no-undef
  28:12  warning  Unexpected constant condition                        no-constant-condition
  29:7   warning  'animation_speed' is not defined                     no-undef
  30:7   warning  'animation_speed' is not defined                     no-undef
  30:25  warning  'animation_speed' is not defined                     no-undef
  31:7   warning  'animation_speed' is not defined                     no-undef
  31:25  warning  'animation_speed' is not defined                     no-undef
  31:57  warning  'animation_speed' is not defined                     no-undef
  32:11  warning  'id' is not defined                                  no-undef
  43:22  warning  'animation_speed' is not defined                     no-undef
  51:3   warning  'tube_ids' is not defined                            no-undef
  55:3   warning  'ids' is not defined                                 no-undef
  60:1   warning  'disablestart' is not defined                        no-undef
  62:5   warning  'startAnimation' is assigned a value but never used  no-unused-vars

✖ 27 problems (0 errors, 27 warnings)

